<?xml version="1.0" encoding="UTF-8"?>
<testng-results skipped="0" failed="0" ignored="0" total="1" passed="1">
  <reporter-output>
  </reporter-output>
  <suite name="Default suite" duration-ms="23523" started-at="2020-11-30T20:50:28 IST" finished-at="2020-11-30T20:50:51 IST">
    <groups>
    </groups>
    <test name="Default test" duration-ms="23523" started-at="2020-11-30T20:50:28 IST" finished-at="2020-11-30T20:50:51 IST">
      <class name="com.crm.qa.base.myntraTest">
        <test-method status="PASS" signature="loginMyntra()[pri:0, instance:com.crm.qa.base.myntraTest@1786dec2]" name="loginMyntra" duration-ms="23451" started-at="2020-11-30T20:50:28 IST" finished-at="2020-11-30T20:50:51 IST">
          <reporter-output>
          </reporter-output>
        </test-method> <!-- loginMyntra -->
      </class> <!-- com.crm.qa.base.myntraTest -->
    </test> <!-- Default test -->
  </suite> <!-- Default suite -->
</testng-results>
